Hương   Hải   Lan   Ly   Minh   Tú   
Hương   Hải   Lan   Ly   Tú   Minh   
Hương   Hải   Lan   Minh   Ly   Tú   
Hương   Hải   Lan   Minh   Tú   Ly   
Hương   Hải   Lan   Tú   Ly   Minh   
Hương   Hải   Lan   Tú   Minh   Ly   
Hương   Hải   Ly   Lan   Minh   Tú   
Hương   Hải   Ly   Lan   Tú   Minh   
Hương   Hải   Ly   Minh   Lan   Tú   
Hương   Hải   Ly   Minh   Tú   Lan   
Hương   Hải   Ly   Tú   Lan   Minh   
Hương   Hải   Ly   Tú   Minh   Lan   
Hương   Hải   Minh   Lan   Ly   Tú   
Hương   Hải   Minh   Lan   Tú   Ly   
Hương   Hải   Minh   Ly   Lan   Tú   
Hương   Hải   Minh   Ly   Tú   Lan   
Hương   Hải   Minh   Tú   Lan   Ly   
Hương   Hải   Minh   Tú   Ly   Lan   
Hương   Hải   Tú   Lan   Ly   Minh   
Hương   Hải   Tú   Lan   Minh   Ly   
Hương   Hải   Tú   Ly   Lan   Minh   
Hương   Hải   Tú   Ly   Minh   Lan   
Hương   Hải   Tú   Minh   Lan   Ly   
Hương   Hải   Tú   Minh   Ly   Lan   
Hương   Lan   Hải   Ly   Minh   Tú   
Hương   Lan   Hải   Ly   Tú   Minh   
Hương   Lan   Hải   Minh   Ly   Tú   
Hương   Lan   Hải   Minh   Tú   Ly   
Hương   Lan   Hải   Tú   Ly   Minh   
Hương   Lan   Hải   Tú   Minh   Ly   
Hương   Lan   Ly   Hải   Minh   Tú   
Hương   Lan   Ly   Hải   Tú   Minh   
Hương   Lan   Ly   Minh   Hải   Tú   
Hương   Lan   Ly   Minh   Tú   Hải   
Hương   Lan   Ly   Tú   Hải   Minh   
Hương   Lan   Ly   Tú   Minh   Hải   
Hương   Lan   Minh   Hải   Ly   Tú   
Hương   Lan   Minh   Hải   Tú   Ly   
Hương   Lan   Minh   Ly   Hải   Tú   
Hương   Lan   Minh   Ly   Tú   Hải   
Hương   Lan   Minh   Tú   Hải   Ly   
Hương   Lan   Minh   Tú   Ly   Hải   
Hương   Lan   Tú   Hải   Ly   Minh   
Hương   Lan   Tú   Hải   Minh   Ly   
Hương   Lan   Tú   Ly   Hải   Minh   
Hương   Lan   Tú   Ly   Minh   Hải   
Hương   Lan   Tú   Minh   Hải   Ly   
Hương   Lan   Tú   Minh   Ly   Hải   
Hương   Ly   Hải   Lan   Minh   Tú   
Hương   Ly   Hải   Lan   Tú   Minh   
Hương   Ly   Hải   Minh   Lan   Tú   
Hương   Ly   Hải   Minh   Tú   Lan   
Hương   Ly   Hải   Tú   Lan   Minh   
Hương   Ly   Hải   Tú   Minh   Lan   
Hương   Ly   Lan   Hải   Minh   Tú   
Hương   Ly   Lan   Hải   Tú   Minh   
Hương   Ly   Lan   Minh   Hải   Tú   
Hương   Ly   Lan   Minh   Tú   Hải   
Hương   Ly   Lan   Tú   Hải   Minh   
Hương   Ly   Lan   Tú   Minh   Hải   
Hương   Ly   Minh   Hải   Lan   Tú   
Hương   Ly   Minh   Hải   Tú   Lan   
Hương   Ly   Minh   Lan   Hải   Tú   
Hương   Ly   Minh   Lan   Tú   Hải   
Hương   Ly   Minh   Tú   Hải   Lan   
Hương   Ly   Minh   Tú   Lan   Hải   
Hương   Ly   Tú   Hải   Lan   Minh   
Hương   Ly   Tú   Hải   Minh   Lan   
Hương   Ly   Tú   Lan   Hải   Minh   
Hương   Ly   Tú   Lan   Minh   Hải   
Hương   Ly   Tú   Minh   Hải   Lan   
Hương   Ly   Tú   Minh   Lan   Hải   
Hương   Minh   Hải   Lan   Ly   Tú   
Hương   Minh   Hải   Lan   Tú   Ly   
Hương   Minh   Hải   Ly   Lan   Tú   
Hương   Minh   Hải   Ly   Tú   Lan   
Hương   Minh   Hải   Tú   Lan   Ly   
Hương   Minh   Hải   Tú   Ly   Lan   
Hương   Minh   Lan   Hải   Ly   Tú   
Hương   Minh   Lan   Hải   Tú   Ly   
Hương   Minh   Lan   Ly   Hải   Tú   
Hương   Minh   Lan   Ly   Tú   Hải   
Hương   Minh   Lan   Tú   Hải   Ly   
Hương   Minh   Lan   Tú   Ly   Hải   
Hương   Minh   Ly   Hải   Lan   Tú   
Hương   Minh   Ly   Hải   Tú   Lan   
Hương   Minh   Ly   Lan   Hải   Tú   
Hương   Minh   Ly   Lan   Tú   Hải   
Hương   Minh   Ly   Tú   Hải   Lan   
Hương   Minh   Ly   Tú   Lan   Hải   
Hương   Minh   Tú   Hải   Lan   Ly   
Hương   Minh   Tú   Hải   Ly   Lan   
Hương   Minh   Tú   Lan   Hải   Ly   
Hương   Minh   Tú   Lan   Ly   Hải   
Hương   Minh   Tú   Ly   Hải   Lan   
Hương   Minh   Tú   Ly   Lan   Hải   
Hương   Tú   Hải   Lan   Ly   Minh   
Hương   Tú   Hải   Lan   Minh   Ly   
Hương   Tú   Hải   Ly   Lan   Minh   
Hương   Tú   Hải   Ly   Minh   Lan   
Hương   Tú   Hải   Minh   Lan   Ly   
Hương   Tú   Hải   Minh   Ly   Lan   
Hương   Tú   Lan   Hải   Ly   Minh   
Hương   Tú   Lan   Hải   Minh   Ly   
Hương   Tú   Lan   Ly   Hải   Minh   
Hương   Tú   Lan   Ly   Minh   Hải   
Hương   Tú   Lan   Minh   Hải   Ly   
Hương   Tú   Lan   Minh   Ly   Hải   
Hương   Tú   Ly   Hải   Lan   Minh   
Hương   Tú   Ly   Hải   Minh   Lan   
Hương   Tú   Ly   Lan   Hải   Minh   
Hương   Tú   Ly   Lan   Minh   Hải   
Hương   Tú   Ly   Minh   Hải   Lan   
Hương   Tú   Ly   Minh   Lan   Hải   
Hương   Tú   Minh   Hải   Lan   Ly   
Hương   Tú   Minh   Hải   Ly   Lan   
Hương   Tú   Minh   Lan   Hải   Ly   
Hương   Tú   Minh   Lan   Ly   Hải   
Hương   Tú   Minh   Ly   Hải   Lan   
Hương   Tú   Minh   Ly   Lan   Hải   
Hải   Hương   Lan   Ly   Minh   Tú   
Hải   Hương   Lan   Ly   Tú   Minh   
Hải   Hương   Lan   Minh   Ly   Tú   
Hải   Hương   Lan   Minh   Tú   Ly   
Hải   Hương   Lan   Tú   Ly   Minh   
Hải   Hương   Lan   Tú   Minh   Ly   
Hải   Hương   Ly   Lan   Minh   Tú   
Hải   Hương   Ly   Lan   Tú   Minh   
Hải   Hương   Ly   Minh   Lan   Tú   
Hải   Hương   Ly   Minh   Tú   Lan   
Hải   Hương   Ly   Tú   Lan   Minh   
Hải   Hương   Ly   Tú   Minh   Lan   
Hải   Hương   Minh   Lan   Ly   Tú   
Hải   Hương   Minh   Lan   Tú   Ly   
Hải   Hương   Minh   Ly   Lan   Tú   
Hải   Hương   Minh   Ly   Tú   Lan   
Hải   Hương   Minh   Tú   Lan   Ly   
Hải   Hương   Minh   Tú   Ly   Lan   
Hải   Hương   Tú   Lan   Ly   Minh   
Hải   Hương   Tú   Lan   Minh   Ly   
Hải   Hương   Tú   Ly   Lan   Minh   
Hải   Hương   Tú   Ly   Minh   Lan   
Hải   Hương   Tú   Minh   Lan   Ly   
Hải   Hương   Tú   Minh   Ly   Lan   
Hải   Lan   Hương   Ly   Minh   Tú   
Hải   Lan   Hương   Ly   Tú   Minh   
Hải   Lan   Hương   Minh   Ly   Tú   
Hải   Lan   Hương   Minh   Tú   Ly   
Hải   Lan   Hương   Tú   Ly   Minh   
Hải   Lan   Hương   Tú   Minh   Ly   
Hải   Lan   Ly   Hương   Minh   Tú   
Hải   Lan   Ly   Hương   Tú   Minh   
Hải   Lan   Ly   Minh   Hương   Tú   
Hải   Lan   Ly   Minh   Tú   Hương   
Hải   Lan   Ly   Tú   Hương   Minh   
Hải   Lan   Ly   Tú   Minh   Hương   
Hải   Lan   Minh   Hương   Ly   Tú   
Hải   Lan   Minh   Hương   Tú   Ly   
Hải   Lan   Minh   Ly   Hương   Tú   
Hải   Lan   Minh   Ly   Tú   Hương   
Hải   Lan   Minh   Tú   Hương   Ly   
Hải   Lan   Minh   Tú   Ly   Hương   
Hải   Lan   Tú   Hương   Ly   Minh   
Hải   Lan   Tú   Hương   Minh   Ly   
Hải   Lan   Tú   Ly   Hương   Minh   
Hải   Lan   Tú   Ly   Minh   Hương   
Hải   Lan   Tú   Minh   Hương   Ly   
Hải   Lan   Tú   Minh   Ly   Hương   
Hải   Ly   Hương   Lan   Minh   Tú   
Hải   Ly   Hương   Lan   Tú   Minh   
Hải   Ly   Hương   Minh   Lan   Tú   
Hải   Ly   Hương   Minh   Tú   Lan   
Hải   Ly   Hương   Tú   Lan   Minh   
Hải   Ly   Hương   Tú   Minh   Lan   
Hải   Ly   Lan   Hương   Minh   Tú   
Hải   Ly   Lan   Hương   Tú   Minh   
Hải   Ly   Lan   Minh   Hương   Tú   
Hải   Ly   Lan   Minh   Tú   Hương   
Hải   Ly   Lan   Tú   Hương   Minh   
Hải   Ly   Lan   Tú   Minh   Hương   
Hải   Ly   Minh   Hương   Lan   Tú   
Hải   Ly   Minh   Hương   Tú   Lan   
Hải   Ly   Minh   Lan   Hương   Tú   
Hải   Ly   Minh   Lan   Tú   Hương   
Hải   Ly   Minh   Tú   Hương   Lan   
Hải   Ly   Minh   Tú   Lan   Hương   
Hải   Ly   Tú   Hương   Lan   Minh   
Hải   Ly   Tú   Hương   Minh   Lan   
Hải   Ly   Tú   Lan   Hương   Minh   
Hải   Ly   Tú   Lan   Minh   Hương   
Hải   Ly   Tú   Minh   Hương   Lan   
Hải   Ly   Tú   Minh   Lan   Hương   
Hải   Minh   Hương   Lan   Ly   Tú   
Hải   Minh   Hương   Lan   Tú   Ly   
Hải   Minh   Hương   Ly   Lan   Tú   
Hải   Minh   Hương   Ly   Tú   Lan   
Hải   Minh   Hương   Tú   Lan   Ly   
Hải   Minh   Hương   Tú   Ly   Lan   
Hải   Minh   Lan   Hương   Ly   Tú   
Hải   Minh   Lan   Hương   Tú   Ly   
Hải   Minh   Lan   Ly   Hương   Tú   
Hải   Minh   Lan   Ly   Tú   Hương   
Hải   Minh   Lan   Tú   Hương   Ly   
Hải   Minh   Lan   Tú   Ly   Hương   
Hải   Minh   Ly   Hương   Lan   Tú   
Hải   Minh   Ly   Hương   Tú   Lan   
Hải   Minh   Ly   Lan   Hương   Tú   
Hải   Minh   Ly   Lan   Tú   Hương   
Hải   Minh   Ly   Tú   Hương   Lan   
Hải   Minh   Ly   Tú   Lan   Hương   
Hải   Minh   Tú   Hương   Lan   Ly   
Hải   Minh   Tú   Hương   Ly   Lan   
Hải   Minh   Tú   Lan   Hương   Ly   
Hải   Minh   Tú   Lan   Ly   Hương   
Hải   Minh   Tú   Ly   Hương   Lan   
Hải   Minh   Tú   Ly   Lan   Hương   
Hải   Tú   Hương   Lan   Ly   Minh   
Hải   Tú   Hương   Lan   Minh   Ly   
Hải   Tú   Hương   Ly   Lan   Minh   
Hải   Tú   Hương   Ly   Minh   Lan   
Hải   Tú   Hương   Minh   Lan   Ly   
Hải   Tú   Hương   Minh   Ly   Lan   
Hải   Tú   Lan   Hương   Ly   Minh   
Hải   Tú   Lan   Hương   Minh   Ly   
Hải   Tú   Lan   Ly   Hương   Minh   
Hải   Tú   Lan   Ly   Minh   Hương   
Hải   Tú   Lan   Minh   Hương   Ly   
Hải   Tú   Lan   Minh   Ly   Hương   
Hải   Tú   Ly   Hương   Lan   Minh   
Hải   Tú   Ly   Hương   Minh   Lan   
Hải   Tú   Ly   Lan   Hương   Minh   
Hải   Tú   Ly   Lan   Minh   Hương   
Hải   Tú   Ly   Minh   Hương   Lan   
Hải   Tú   Ly   Minh   Lan   Hương   
Hải   Tú   Minh   Hương   Lan   Ly   
Hải   Tú   Minh   Hương   Ly   Lan   
Hải   Tú   Minh   Lan   Hương   Ly   
Hải   Tú   Minh   Lan   Ly   Hương   
Hải   Tú   Minh   Ly   Hương   Lan   
Hải   Tú   Minh   Ly   Lan   Hương   
Lan   Hương   Hải   Ly   Minh   Tú   
Lan   Hương   Hải   Ly   Tú   Minh   
Lan   Hương   Hải   Minh   Ly   Tú   
Lan   Hương   Hải   Minh   Tú   Ly   
Lan   Hương   Hải   Tú   Ly   Minh   
Lan   Hương   Hải   Tú   Minh   Ly   
Lan   Hương   Ly   Hải   Minh   Tú   
Lan   Hương   Ly   Hải   Tú   Minh   
Lan   Hương   Ly   Minh   Hải   Tú   
Lan   Hương   Ly   Minh   Tú   Hải   
Lan   Hương   Ly   Tú   Hải   Minh   
Lan   Hương   Ly   Tú   Minh   Hải   
Lan   Hương   Minh   Hải   Ly   Tú   
Lan   Hương   Minh   Hải   Tú   Ly   
Lan   Hương   Minh   Ly   Hải   Tú   
Lan   Hương   Minh   Ly   Tú   Hải   
Lan   Hương   Minh   Tú   Hải   Ly   
Lan   Hương   Minh   Tú   Ly   Hải   
Lan   Hương   Tú   Hải   Ly   Minh   
Lan   Hương   Tú   Hải   Minh   Ly   
Lan   Hương   Tú   Ly   Hải   Minh   
Lan   Hương   Tú   Ly   Minh   Hải   
Lan   Hương   Tú   Minh   Hải   Ly   
Lan   Hương   Tú   Minh   Ly   Hải   
Lan   Hải   Hương   Ly   Minh   Tú   
Lan   Hải   Hương   Ly   Tú   Minh   
Lan   Hải   Hương   Minh   Ly   Tú   
Lan   Hải   Hương   Minh   Tú   Ly   
Lan   Hải   Hương   Tú   Ly   Minh   
Lan   Hải   Hương   Tú   Minh   Ly   
Lan   Hải   Ly   Hương   Minh   Tú   
Lan   Hải   Ly   Hương   Tú   Minh   
Lan   Hải   Ly   Minh   Hương   Tú   
Lan   Hải   Ly   Minh   Tú   Hương   
Lan   Hải   Ly   Tú   Hương   Minh   
Lan   Hải   Ly   Tú   Minh   Hương   
Lan   Hải   Minh   Hương   Ly   Tú   
Lan   Hải   Minh   Hương   Tú   Ly   
Lan   Hải   Minh   Ly   Hương   Tú   
Lan   Hải   Minh   Ly   Tú   Hương   
Lan   Hải   Minh   Tú   Hương   Ly   
Lan   Hải   Minh   Tú   Ly   Hương   
Lan   Hải   Tú   Hương   Ly   Minh   
Lan   Hải   Tú   Hương   Minh   Ly   
Lan   Hải   Tú   Ly   Hương   Minh   
Lan   Hải   Tú   Ly   Minh   Hương   
Lan   Hải   Tú   Minh   Hương   Ly   
Lan   Hải   Tú   Minh   Ly   Hương   
Lan   Ly   Hương   Hải   Minh   Tú   
Lan   Ly   Hương   Hải   Tú   Minh   
Lan   Ly   Hương   Minh   Hải   Tú   
Lan   Ly   Hương   Minh   Tú   Hải   
Lan   Ly   Hương   Tú   Hải   Minh   
Lan   Ly   Hương   Tú   Minh   Hải   
Lan   Ly   Hải   Hương   Minh   Tú   
Lan   Ly   Hải   Hương   Tú   Minh   
Lan   Ly   Hải   Minh   Hương   Tú   
Lan   Ly   Hải   Minh   Tú   Hương   
Lan   Ly   Hải   Tú   Hương   Minh   
Lan   Ly   Hải   Tú   Minh   Hương   
Lan   Ly   Minh   Hương   Hải   Tú   
Lan   Ly   Minh   Hương   Tú   Hải   
Lan   Ly   Minh   Hải   Hương   Tú   
Lan   Ly   Minh   Hải   Tú   Hương   
Lan   Ly   Minh   Tú   Hương   Hải   
Lan   Ly   Minh   Tú   Hải   Hương   
Lan   Ly   Tú   Hương   Hải   Minh   
Lan   Ly   Tú   Hương   Minh   Hải   
Lan   Ly   Tú   Hải   Hương   Minh   
Lan   Ly   Tú   Hải   Minh   Hương   
Lan   Ly   Tú   Minh   Hương   Hải   
Lan   Ly   Tú   Minh   Hải   Hương   
Lan   Minh   Hương   Hải   Ly   Tú   
Lan   Minh   Hương   Hải   Tú   Ly   
Lan   Minh   Hương   Ly   Hải   Tú   
Lan   Minh   Hương   Ly   Tú   Hải   
Lan   Minh   Hương   Tú   Hải   Ly   
Lan   Minh   Hương   Tú   Ly   Hải   
Lan   Minh   Hải   Hương   Ly   Tú   
Lan   Minh   Hải   Hương   Tú   Ly   
Lan   Minh   Hải   Ly   Hương   Tú   
Lan   Minh   Hải   Ly   Tú   Hương   
Lan   Minh   Hải   Tú   Hương   Ly   
Lan   Minh   Hải   Tú   Ly   Hương   
Lan   Minh   Ly   Hương   Hải   Tú   
Lan   Minh   Ly   Hương   Tú   Hải   
Lan   Minh   Ly   Hải   Hương   Tú   
Lan   Minh   Ly   Hải   Tú   Hương   
Lan   Minh   Ly   Tú   Hương   Hải   
Lan   Minh   Ly   Tú   Hải   Hương   
Lan   Minh   Tú   Hương   Hải   Ly   
Lan   Minh   Tú   Hương   Ly   Hải   
Lan   Minh   Tú   Hải   Hương   Ly   
Lan   Minh   Tú   Hải   Ly   Hương   
Lan   Minh   Tú   Ly   Hương   Hải   
Lan   Minh   Tú   Ly   Hải   Hương   
Lan   Tú   Hương   Hải   Ly   Minh   
Lan   Tú   Hương   Hải   Minh   Ly   
Lan   Tú   Hương   Ly   Hải   Minh   
Lan   Tú   Hương   Ly   Minh   Hải   
Lan   Tú   Hương   Minh   Hải   Ly   
Lan   Tú   Hương   Minh   Ly   Hải   
Lan   Tú   Hải   Hương   Ly   Minh   
Lan   Tú   Hải   Hương   Minh   Ly   
Lan   Tú   Hải   Ly   Hương   Minh   
Lan   Tú   Hải   Ly   Minh   Hương   
Lan   Tú   Hải   Minh   Hương   Ly   
Lan   Tú   Hải   Minh   Ly   Hương   
Lan   Tú   Ly   Hương   Hải   Minh   
Lan   Tú   Ly   Hương   Minh   Hải   
Lan   Tú   Ly   Hải   Hương   Minh   
Lan   Tú   Ly   Hải   Minh   Hương   
Lan   Tú   Ly   Minh   Hương   Hải   
Lan   Tú   Ly   Minh   Hải   Hương   
Lan   Tú   Minh   Hương   Hải   Ly   
Lan   Tú   Minh   Hương   Ly   Hải   
Lan   Tú   Minh   Hải   Hương   Ly   
Lan   Tú   Minh   Hải   Ly   Hương   
Lan   Tú   Minh   Ly   Hương   Hải   
Lan   Tú   Minh   Ly   Hải   Hương   
Ly   Hương   Hải   Lan   Minh   Tú   
Ly   Hương   Hải   Lan   Tú   Minh   
Ly   Hương   Hải   Minh   Lan   Tú   
Ly   Hương   Hải   Minh   Tú   Lan   
Ly   Hương   Hải   Tú   Lan   Minh   
Ly   Hương   Hải   Tú   Minh   Lan   
Ly   Hương   Lan   Hải   Minh   Tú   
Ly   Hương   Lan   Hải   Tú   Minh   
Ly   Hương   Lan   Minh   Hải   Tú   
Ly   Hương   Lan   Minh   Tú   Hải   
Ly   Hương   Lan   Tú   Hải   Minh   
Ly   Hương   Lan   Tú   Minh   Hải   
Ly   Hương   Minh   Hải   Lan   Tú   
Ly   Hương   Minh   Hải   Tú   Lan   
Ly   Hương   Minh   Lan   Hải   Tú   
Ly   Hương   Minh   Lan   Tú   Hải   
Ly   Hương   Minh   Tú   Hải   Lan   
Ly   Hương   Minh   Tú   Lan   Hải   
Ly   Hương   Tú   Hải   Lan   Minh   
Ly   Hương   Tú   Hải   Minh   Lan   
Ly   Hương   Tú   Lan   Hải   Minh   
Ly   Hương   Tú   Lan   Minh   Hải   
Ly   Hương   Tú   Minh   Hải   Lan   
Ly   Hương   Tú   Minh   Lan   Hải   
Ly   Hải   Hương   Lan   Minh   Tú   
Ly   Hải   Hương   Lan   Tú   Minh   
Ly   Hải   Hương   Minh   Lan   Tú   
Ly   Hải   Hương   Minh   Tú   Lan   
Ly   Hải   Hương   Tú   Lan   Minh   
Ly   Hải   Hương   Tú   Minh   Lan   
Ly   Hải   Lan   Hương   Minh   Tú   
Ly   Hải   Lan   Hương   Tú   Minh   
Ly   Hải   Lan   Minh   Hương   Tú   
Ly   Hải   Lan   Minh   Tú   Hương   
Ly   Hải   Lan   Tú   Hương   Minh   
Ly   Hải   Lan   Tú   Minh   Hương   
Ly   Hải   Minh   Hương   Lan   Tú   
Ly   Hải   Minh   Hương   Tú   Lan   
Ly   Hải   Minh   Lan   Hương   Tú   
Ly   Hải   Minh   Lan   Tú   Hương   
Ly   Hải   Minh   Tú   Hương   Lan   
Ly   Hải   Minh   Tú   Lan   Hương   
Ly   Hải   Tú   Hương   Lan   Minh   
Ly   Hải   Tú   Hương   Minh   Lan   
Ly   Hải   Tú   Lan   Hương   Minh   
Ly   Hải   Tú   Lan   Minh   Hương   
Ly   Hải   Tú   Minh   Hương   Lan   
Ly   Hải   Tú   Minh   Lan   Hương   
Ly   Lan   Hương   Hải   Minh   Tú   
Ly   Lan   Hương   Hải   Tú   Minh   
Ly   Lan   Hương   Minh   Hải   Tú   
Ly   Lan   Hương   Minh   Tú   Hải   
Ly   Lan   Hương   Tú   Hải   Minh   
Ly   Lan   Hương   Tú   Minh   Hải   
Ly   Lan   Hải   Hương   Minh   Tú   
Ly   Lan   Hải   Hương   Tú   Minh   
Ly   Lan   Hải   Minh   Hương   Tú   
Ly   Lan   Hải   Minh   Tú   Hương   
Ly   Lan   Hải   Tú   Hương   Minh   
Ly   Lan   Hải   Tú   Minh   Hương   
Ly   Lan   Minh   Hương   Hải   Tú   
Ly   Lan   Minh   Hương   Tú   Hải   
Ly   Lan   Minh   Hải   Hương   Tú   
Ly   Lan   Minh   Hải   Tú   Hương   
Ly   Lan   Minh   Tú   Hương   Hải   
Ly   Lan   Minh   Tú   Hải   Hương   
Ly   Lan   Tú   Hương   Hải   Minh   
Ly   Lan   Tú   Hương   Minh   Hải   
Ly   Lan   Tú   Hải   Hương   Minh   
Ly   Lan   Tú   Hải   Minh   Hương   
Ly   Lan   Tú   Minh   Hương   Hải   
Ly   Lan   Tú   Minh   Hải   Hương   
Ly   Minh   Hương   Hải   Lan   Tú   
Ly   Minh   Hương   Hải   Tú   Lan   
Ly   Minh   Hương   Lan   Hải   Tú   
Ly   Minh   Hương   Lan   Tú   Hải   
Ly   Minh   Hương   Tú   Hải   Lan   
Ly   Minh   Hương   Tú   Lan   Hải   
Ly   Minh   Hải   Hương   Lan   Tú   
Ly   Minh   Hải   Hương   Tú   Lan   
Ly   Minh   Hải   Lan   Hương   Tú   
Ly   Minh   Hải   Lan   Tú   Hương   
Ly   Minh   Hải   Tú   Hương   Lan   
Ly   Minh   Hải   Tú   Lan   Hương   
Ly   Minh   Lan   Hương   Hải   Tú   
Ly   Minh   Lan   Hương   Tú   Hải   
Ly   Minh   Lan   Hải   Hương   Tú   
Ly   Minh   Lan   Hải   Tú   Hương   
Ly   Minh   Lan   Tú   Hương   Hải   
Ly   Minh   Lan   Tú   Hải   Hương   
Ly   Minh   Tú   Hương   Hải   Lan   
Ly   Minh   Tú   Hương   Lan   Hải   
Ly   Minh   Tú   Hải   Hương   Lan   
Ly   Minh   Tú   Hải   Lan   Hương   
Ly   Minh   Tú   Lan   Hương   Hải   
Ly   Minh   Tú   Lan   Hải   Hương   
Ly   Tú   Hương   Hải   Lan   Minh   
Ly   Tú   Hương   Hải   Minh   Lan   
Ly   Tú   Hương   Lan   Hải   Minh   
Ly   Tú   Hương   Lan   Minh   Hải   
Ly   Tú   Hương   Minh   Hải   Lan   
Ly   Tú   Hương   Minh   Lan   Hải   
Ly   Tú   Hải   Hương   Lan   Minh   
Ly   Tú   Hải   Hương   Minh   Lan   
Ly   Tú   Hải   Lan   Hương   Minh   
Ly   Tú   Hải   Lan   Minh   Hương   
Ly   Tú   Hải   Minh   Hương   Lan   
Ly   Tú   Hải   Minh   Lan   Hương   
Ly   Tú   Lan   Hương   Hải   Minh   
Ly   Tú   Lan   Hương   Minh   Hải   
Ly   Tú   Lan   Hải   Hương   Minh   
Ly   Tú   Lan   Hải   Minh   Hương   
Ly   Tú   Lan   Minh   Hương   Hải   
Ly   Tú   Lan   Minh   Hải   Hương   
Ly   Tú   Minh   Hương   Hải   Lan   
Ly   Tú   Minh   Hương   Lan   Hải   
Ly   Tú   Minh   Hải   Hương   Lan   
Ly   Tú   Minh   Hải   Lan   Hương   
Ly   Tú   Minh   Lan   Hương   Hải   
Ly   Tú   Minh   Lan   Hải   Hương   
Minh   Hương   Hải   Lan   Ly   Tú   
Minh   Hương   Hải   Lan   Tú   Ly   
Minh   Hương   Hải   Ly   Lan   Tú   
Minh   Hương   Hải   Ly   Tú   Lan   
Minh   Hương   Hải   Tú   Lan   Ly   
Minh   Hương   Hải   Tú   Ly   Lan   
Minh   Hương   Lan   Hải   Ly   Tú   
Minh   Hương   Lan   Hải   Tú   Ly   
Minh   Hương   Lan   Ly   Hải   Tú   
Minh   Hương   Lan   Ly   Tú   Hải   
Minh   Hương   Lan   Tú   Hải   Ly   
Minh   Hương   Lan   Tú   Ly   Hải   
Minh   Hương   Ly   Hải   Lan   Tú   
Minh   Hương   Ly   Hải   Tú   Lan   
Minh   Hương   Ly   Lan   Hải   Tú   
Minh   Hương   Ly   Lan   Tú   Hải   
Minh   Hương   Ly   Tú   Hải   Lan   
Minh   Hương   Ly   Tú   Lan   Hải   
Minh   Hương   Tú   Hải   Lan   Ly   
Minh   Hương   Tú   Hải   Ly   Lan   
Minh   Hương   Tú   Lan   Hải   Ly   
Minh   Hương   Tú   Lan   Ly   Hải   
Minh   Hương   Tú   Ly   Hải   Lan   
Minh   Hương   Tú   Ly   Lan   Hải   
Minh   Hải   Hương   Lan   Ly   Tú   
Minh   Hải   Hương   Lan   Tú   Ly   
Minh   Hải   Hương   Ly   Lan   Tú   
Minh   Hải   Hương   Ly   Tú   Lan   
Minh   Hải   Hương   Tú   Lan   Ly   
Minh   Hải   Hương   Tú   Ly   Lan   
Minh   Hải   Lan   Hương   Ly   Tú   
Minh   Hải   Lan   Hương   Tú   Ly   
Minh   Hải   Lan   Ly   Hương   Tú   
Minh   Hải   Lan   Ly   Tú   Hương   
Minh   Hải   Lan   Tú   Hương   Ly   
Minh   Hải   Lan   Tú   Ly   Hương   
Minh   Hải   Ly   Hương   Lan   Tú   
Minh   Hải   Ly   Hương   Tú   Lan   
Minh   Hải   Ly   Lan   Hương   Tú   
Minh   Hải   Ly   Lan   Tú   Hương   
Minh   Hải   Ly   Tú   Hương   Lan   
Minh   Hải   Ly   Tú   Lan   Hương   
Minh   Hải   Tú   Hương   Lan   Ly   
Minh   Hải   Tú   Hương   Ly   Lan   
Minh   Hải   Tú   Lan   Hương   Ly   
Minh   Hải   Tú   Lan   Ly   Hương   
Minh   Hải   Tú   Ly   Hương   Lan   
Minh   Hải   Tú   Ly   Lan   Hương   
Minh   Lan   Hương   Hải   Ly   Tú   
Minh   Lan   Hương   Hải   Tú   Ly   
Minh   Lan   Hương   Ly   Hải   Tú   
Minh   Lan   Hương   Ly   Tú   Hải   
Minh   Lan   Hương   Tú   Hải   Ly   
Minh   Lan   Hương   Tú   Ly   Hải   
Minh   Lan   Hải   Hương   Ly   Tú   
Minh   Lan   Hải   Hương   Tú   Ly   
Minh   Lan   Hải   Ly   Hương   Tú   
Minh   Lan   Hải   Ly   Tú   Hương   
Minh   Lan   Hải   Tú   Hương   Ly   
Minh   Lan   Hải   Tú   Ly   Hương   
Minh   Lan   Ly   Hương   Hải   Tú   
Minh   Lan   Ly   Hương   Tú   Hải   
Minh   Lan   Ly   Hải   Hương   Tú   
Minh   Lan   Ly   Hải   Tú   Hương   
Minh   Lan   Ly   Tú   Hương   Hải   
Minh   Lan   Ly   Tú   Hải   Hương   
Minh   Lan   Tú   Hương   Hải   Ly   
Minh   Lan   Tú   Hương   Ly   Hải   
Minh   Lan   Tú   Hải   Hương   Ly   
Minh   Lan   Tú   Hải   Ly   Hương   
Minh   Lan   Tú   Ly   Hương   Hải   
Minh   Lan   Tú   Ly   Hải   Hương   
Minh   Ly   Hương   Hải   Lan   Tú   
Minh   Ly   Hương   Hải   Tú   Lan   
Minh   Ly   Hương   Lan   Hải   Tú   
Minh   Ly   Hương   Lan   Tú   Hải   
Minh   Ly   Hương   Tú   Hải   Lan   
Minh   Ly   Hương   Tú   Lan   Hải   
Minh   Ly   Hải   Hương   Lan   Tú   
Minh   Ly   Hải   Hương   Tú   Lan   
Minh   Ly   Hải   Lan   Hương   Tú   
Minh   Ly   Hải   Lan   Tú   Hương   
Minh   Ly   Hải   Tú   Hương   Lan   
Minh   Ly   Hải   Tú   Lan   Hương   
Minh   Ly   Lan   Hương   Hải   Tú   
Minh   Ly   Lan   Hương   Tú   Hải   
Minh   Ly   Lan   Hải   Hương   Tú   
Minh   Ly   Lan   Hải   Tú   Hương   
Minh   Ly   Lan   Tú   Hương   Hải   
Minh   Ly   Lan   Tú   Hải   Hương   
Minh   Ly   Tú   Hương   Hải   Lan   
Minh   Ly   Tú   Hương   Lan   Hải   
Minh   Ly   Tú   Hải   Hương   Lan   
Minh   Ly   Tú   Hải   Lan   Hương   
Minh   Ly   Tú   Lan   Hương   Hải   
Minh   Ly   Tú   Lan   Hải   Hương   
Minh   Tú   Hương   Hải   Lan   Ly   
Minh   Tú   Hương   Hải   Ly   Lan   
Minh   Tú   Hương   Lan   Hải   Ly   
Minh   Tú   Hương   Lan   Ly   Hải   
Minh   Tú   Hương   Ly   Hải   Lan   
Minh   Tú   Hương   Ly   Lan   Hải   
Minh   Tú   Hải   Hương   Lan   Ly   
Minh   Tú   Hải   Hương   Ly   Lan   
Minh   Tú   Hải   Lan   Hương   Ly   
Minh   Tú   Hải   Lan   Ly   Hương   
Minh   Tú   Hải   Ly   Hương   Lan   
Minh   Tú   Hải   Ly   Lan   Hương   
Minh   Tú   Lan   Hương   Hải   Ly   
Minh   Tú   Lan   Hương   Ly   Hải   
Minh   Tú   Lan   Hải   Hương   Ly   
Minh   Tú   Lan   Hải   Ly   Hương   
Minh   Tú   Lan   Ly   Hương   Hải   
Minh   Tú   Lan   Ly   Hải   Hương   
Minh   Tú   Ly   Hương   Hải   Lan   
Minh   Tú   Ly   Hương   Lan   Hải   
Minh   Tú   Ly   Hải   Hương   Lan   
Minh   Tú   Ly   Hải   Lan   Hương   
Minh   Tú   Ly   Lan   Hương   Hải   
Minh   Tú   Ly   Lan   Hải   Hương   
Tú   Hương   Hải   Lan   Ly   Minh   
Tú   Hương   Hải   Lan   Minh   Ly   
Tú   Hương   Hải   Ly   Lan   Minh   
Tú   Hương   Hải   Ly   Minh   Lan   
Tú   Hương   Hải   Minh   Lan   Ly   
Tú   Hương   Hải   Minh   Ly   Lan   
Tú   Hương   Lan   Hải   Ly   Minh   
Tú   Hương   Lan   Hải   Minh   Ly   
Tú   Hương   Lan   Ly   Hải   Minh   
Tú   Hương   Lan   Ly   Minh   Hải   
Tú   Hương   Lan   Minh   Hải   Ly   
Tú   Hương   Lan   Minh   Ly   Hải   
Tú   Hương   Ly   Hải   Lan   Minh   
Tú   Hương   Ly   Hải   Minh   Lan   
Tú   Hương   Ly   Lan   Hải   Minh   
Tú   Hương   Ly   Lan   Minh   Hải   
Tú   Hương   Ly   Minh   Hải   Lan   
Tú   Hương   Ly   Minh   Lan   Hải   
Tú   Hương   Minh   Hải   Lan   Ly   
Tú   Hương   Minh   Hải   Ly   Lan   
Tú   Hương   Minh   Lan   Hải   Ly   
Tú   Hương   Minh   Lan   Ly   Hải   
Tú   Hương   Minh   Ly   Hải   Lan   
Tú   Hương   Minh   Ly   Lan   Hải   
Tú   Hải   Hương   Lan   Ly   Minh   
Tú   Hải   Hương   Lan   Minh   Ly   
Tú   Hải   Hương   Ly   Lan   Minh   
Tú   Hải   Hương   Ly   Minh   Lan   
Tú   Hải   Hương   Minh   Lan   Ly   
Tú   Hải   Hương   Minh   Ly   Lan   
Tú   Hải   Lan   Hương   Ly   Minh   
Tú   Hải   Lan   Hương   Minh   Ly   
Tú   Hải   Lan   Ly   Hương   Minh   
Tú   Hải   Lan   Ly   Minh   Hương   
Tú   Hải   Lan   Minh   Hương   Ly   
Tú   Hải   Lan   Minh   Ly   Hương   
Tú   Hải   Ly   Hương   Lan   Minh   
Tú   Hải   Ly   Hương   Minh   Lan   
Tú   Hải   Ly   Lan   Hương   Minh   
Tú   Hải   Ly   Lan   Minh   Hương   
Tú   Hải   Ly   Minh   Hương   Lan   
Tú   Hải   Ly   Minh   Lan   Hương   
Tú   Hải   Minh   Hương   Lan   Ly   
Tú   Hải   Minh   Hương   Ly   Lan   
Tú   Hải   Minh   Lan   Hương   Ly   
Tú   Hải   Minh   Lan   Ly   Hương   
Tú   Hải   Minh   Ly   Hương   Lan   
Tú   Hải   Minh   Ly   Lan   Hương   
Tú   Lan   Hương   Hải   Ly   Minh   
Tú   Lan   Hương   Hải   Minh   Ly   
Tú   Lan   Hương   Ly   Hải   Minh   
Tú   Lan   Hương   Ly   Minh   Hải   
Tú   Lan   Hương   Minh   Hải   Ly   
Tú   Lan   Hương   Minh   Ly   Hải   
Tú   Lan   Hải   Hương   Ly   Minh   
Tú   Lan   Hải   Hương   Minh   Ly   
Tú   Lan   Hải   Ly   Hương   Minh   
Tú   Lan   Hải   Ly   Minh   Hương   
Tú   Lan   Hải   Minh   Hương   Ly   
Tú   Lan   Hải   Minh   Ly   Hương   
Tú   Lan   Ly   Hương   Hải   Minh   
Tú   Lan   Ly   Hương   Minh   Hải   
Tú   Lan   Ly   Hải   Hương   Minh   
Tú   Lan   Ly   Hải   Minh   Hương   
Tú   Lan   Ly   Minh   Hương   Hải   
Tú   Lan   Ly   Minh   Hải   Hương   
Tú   Lan   Minh   Hương   Hải   Ly   
Tú   Lan   Minh   Hương   Ly   Hải   
Tú   Lan   Minh   Hải   Hương   Ly   
Tú   Lan   Minh   Hải   Ly   Hương   
Tú   Lan   Minh   Ly   Hương   Hải   
Tú   Lan   Minh   Ly   Hải   Hương   
Tú   Ly   Hương   Hải   Lan   Minh   
Tú   Ly   Hương   Hải   Minh   Lan   
Tú   Ly   Hương   Lan   Hải   Minh   
Tú   Ly   Hương   Lan   Minh   Hải   
Tú   Ly   Hương   Minh   Hải   Lan   
Tú   Ly   Hương   Minh   Lan   Hải   
Tú   Ly   Hải   Hương   Lan   Minh   
Tú   Ly   Hải   Hương   Minh   Lan   
Tú   Ly   Hải   Lan   Hương   Minh   
Tú   Ly   Hải   Lan   Minh   Hương   
Tú   Ly   Hải   Minh   Hương   Lan   
Tú   Ly   Hải   Minh   Lan   Hương   
Tú   Ly   Lan   Hương   Hải   Minh   
Tú   Ly   Lan   Hương   Minh   Hải   
Tú   Ly   Lan   Hải   Hương   Minh   
Tú   Ly   Lan   Hải   Minh   Hương   
Tú   Ly   Lan   Minh   Hương   Hải   
Tú   Ly   Lan   Minh   Hải   Hương   
Tú   Ly   Minh   Hương   Hải   Lan   
Tú   Ly   Minh   Hương   Lan   Hải   
Tú   Ly   Minh   Hải   Hương   Lan   
Tú   Ly   Minh   Hải   Lan   Hương   
Tú   Ly   Minh   Lan   Hương   Hải   
Tú   Ly   Minh   Lan   Hải   Hương   
Tú   Minh   Hương   Hải   Lan   Ly   
Tú   Minh   Hương   Hải   Ly   Lan   
Tú   Minh   Hương   Lan   Hải   Ly   
Tú   Minh   Hương   Lan   Ly   Hải   
Tú   Minh   Hương   Ly   Hải   Lan   
Tú   Minh   Hương   Ly   Lan   Hải   
Tú   Minh   Hải   Hương   Lan   Ly   
Tú   Minh   Hải   Hương   Ly   Lan   
Tú   Minh   Hải   Lan   Hương   Ly   
Tú   Minh   Hải   Lan   Ly   Hương   
Tú   Minh   Hải   Ly   Hương   Lan   
Tú   Minh   Hải   Ly   Lan   Hương   
Tú   Minh   Lan   Hương   Hải   Ly   
Tú   Minh   Lan   Hương   Ly   Hải   
Tú   Minh   Lan   Hải   Hương   Ly   
Tú   Minh   Lan   Hải   Ly   Hương   
Tú   Minh   Lan   Ly   Hương   Hải   
Tú   Minh   Lan   Ly   Hải   Hương   
Tú   Minh   Ly   Hương   Hải   Lan   
Tú   Minh   Ly   Hương   Lan   Hải   
Tú   Minh   Ly   Hải   Hương   Lan   
Tú   Minh   Ly   Hải   Lan   Hương   
Tú   Minh   Ly   Lan   Hương   Hải   
Tú   Minh   Ly   Lan   Hải   Hương   
